# JRE version: 7.0_05-b05
# Java VM: Java HotSpot(TM) Client VM (23.1-b03 mixed mode, sharing windows-x86 )
Heap
 def new generation   total 7488K, used 3779K [0x22b50000, 0x23370000, 0x280a0000)
  eden space 6656K,  51% used [0x22b50000, 0x22ea9030, 0x231d0000)
  from space 832K,  42% used [0x231d0000, 0x23227f50, 0x232a0000)
  to   space 832K,   0% used [0x232a0000, 0x232a0000, 0x23370000)
 tenured generation   total 16540K, used 11306K [0x280a0000, 0x290c7000, 0x32b50000)
   the space 16540K,  68% used [0x280a0000, 0x28baa830, 0x28baaa00, 0x290c7000)
 compacting perm gen  total 12288K, used 11336K [0x32b50000, 0x33750000, 0x36b50000)
   the space 12288K,  92% used [0x32b50000, 0x336621d8, 0x33662200, 0x33750000)
    ro space 10240K,  42% used [0x36b50000, 0x36f8e580, 0x36f8e600, 0x37550000)
    rw space 12288K,  54% used [0x37550000, 0x37bcf128, 0x37bcf200, 0x38150000)
GC Heap History (10 events):
Event: 36.446 GC heap before
{Heap before GC invocations=53 (full 2):
 def new generation   total 7488K, used 6917K [0x22b50000, 0x23370000, 0x280a0000)
  eden space 6656K, 100% used [0x22b50000, 0x231d0000, 0x231d0000)
  from space 832K,  31% used [0x232a0000, 0x232e14f8, 0x23370000)
  to   space 832K,   0% used [0x231d0000, 0x231d0000, 0x232a0000)
 tenured generation   total 16540K, used 9923K [0x280a0000, 0x290c7000, 0x32b50000)
   the space 16540K,  59% used [0x280a0000, 0x28a50fc8, 0x28a51000, 0x290c7000)
 compacting perm gen  total 12288K, used 10782K [0x32b50000, 0x33750000, 0x36b50000)
   the space 12288K,  87% used [0x32b50000, 0x335d7828, 0x335d7a00, 0x33750000)
    ro space 10240K,  42% used [0x36b50000, 0x36f8e580, 0x36f8e600, 0x37550000)
    rw space 12288K,  54% used [0x37550000, 0x37bcf128, 0x37bcf200, 0x38150000)
Event: 36.448 GC heap after
Heap after GC invocations=54 (full 2):
 def new generation   total 7488K, used 529K [0x22b50000, 0x23370000, 0x280a0000)
  eden space 6656K,   0% used [0x22b50000, 0x22b50000, 0x231d0000)
  from space 832K,  63% used [0x231d0000, 0x23254720, 0x232a0000)
  to   space 832K,   0% used [0x232a0000, 0x232a0000, 0x23370000)
 tenured generation   total 16540K, used 9923K [0x280a0000, 0x290c7000, 0x32b50000)
   the space 16540K,  59% used [0x280a0000, 0x28a50fc8, 0x28a51000, 0x290c7000)
 compacting perm gen  total 12288K, used 10782K [0x32b50000, 0x33750000, 0x36b50000)
   the space 12288K,  87% used [0x32b50000, 0x335d7828, 0x335d7a00, 0x33750000)
    ro space 10240K,  42% used [0x36b50000, 0x36f8e580, 0x36f8e600, 0x37550000)
    rw space 12288K,  54% used [0x37550000, 0x37bcf128, 0x37bcf200, 0x38150000)
}
Event: 36.462 GC heap before
{Heap before GC invocations=54 (full 2):
 def new generation   total 7488K, used 7185K [0x22b50000, 0x23370000, 0x280a0000)
  eden space 6656K, 100% used [0x22b50000, 0x231d0000, 0x231d0000)
  from space 832K,  63% used [0x231d0000, 0x23254720, 0x232a0000)
  to   space 832K,   0% used [0x232a0000, 0x232a0000, 0x23370000)
 tenured generation   total 16540K, used 9923K [0x280a0000, 0x290c7000, 0x32b50000)
   the space 16540K,  59% used [0x280a0000, 0x28a50fc8, 0x28a51000, 0x290c7000)
 compacting perm gen  total 12288K, used 10782K [0x32b50000, 0x33750000, 0x36b50000)
   the space 12288K,  87% used [0x32b50000, 0x335d79d0, 0x335d7a00, 0x33750000)
    ro space 10240K,  42% used [0x36b50000, 0x36f8e580, 0x36f8e600, 0x37550000)
    rw space 12288K,  54% used [0x37550000, 0x37bcf128, 0x37bcf200, 0x38150000)
Event: 36.465 GC heap after
Heap after GC invocations=55 (full 2):
 def new generation   total 7488K, used 832K [0x22b50000, 0x23370000, 0x280a0000)
  eden space 6656K,   0% used [0x22b50000, 0x22b50000, 0x231d0000)
  from space 832K, 100% used [0x232a0000, 0x23370000, 0x23370000)
  to   space 832K,   0% used [0x231d0000, 0x231d0000, 0x232a0000)
 tenured generation   total 16540K, used 10139K [0x280a0000, 0x290c7000, 0x32b50000)
   the space 16540K,  61% used [0x280a0000, 0x28a86d78, 0x28a86e00, 0x290c7000)
 compacting perm gen  total 12288K, used 10782K [0x32b50000, 0x33750000, 0x36b50000)
   the space 12288K,  87% used [0x32b50000, 0x335d79d0, 0x335d7a00, 0x33750000)
    ro space 10240K,  42% used [0x36b50000, 0x36f8e580, 0x36f8e600, 0x37550000)
    rw space 12288K,  54% used [0x37550000, 0x37bcf128, 0x37bcf200, 0x38150000)
}
Event: 36.995 GC heap before
{Heap before GC invocations=55 (full 2):
 def new generation   total 7488K, used 7488K [0x22b50000, 0x23370000, 0x280a0000)
  eden space 6656K, 100% used [0x22b50000, 0x231d0000, 0x231d0000)
  from space 832K, 100% used [0x232a0000, 0x23370000, 0x23370000)
  to   space 832K,   0% used [0x231d0000, 0x231d0000, 0x232a0000)
 tenured generation   total 16540K, used 10139K [0x280a0000, 0x290c7000, 0x32b50000)
   the space 16540K,  61% used [0x280a0000, 0x28a86d78, 0x28a86e00, 0x290c7000)
 compacting perm gen  total 12288K, used 10942K [0x32b50000, 0x33750000, 0x36b50000)
   the space 12288K,  89% used [0x32b50000, 0x335ff9d0, 0x335ffa00, 0x33750000)
    ro space 10240K,  42% used [0x36b50000, 0x36f8e580, 0x36f8e600, 0x37550000)
    rw space 12288K,  54% used [0x37550000, 0x37bcf128, 0x37bcf200, 0x38150000)
Event: 36.999 GC heap after
Heap after GC invocations=56 (full 2):
 def new generation   total 7488K, used 507K [0x22b50000, 0x23370000, 0x280a0000)
  eden space 6656K,   0% used [0x22b50000, 0x22b50000, 0x231d0000)
  from space 832K,  61% used [0x231d0000, 0x2324ef38, 0x232a0000)
  to   space 832K,   0% used [0x232a0000, 0x232a0000, 0x23370000)
 tenured generation   total 16540K, used 10970K [0x280a0000, 0x290c7000, 0x32b50000)
   the space 16540K,  66% used [0x280a0000, 0x28b56a68, 0x28b56c00, 0x290c7000)
 compacting perm gen  total 12288K, used 10942K [0x32b50000, 0x33750000, 0x36b50000)
   the space 12288K,  89% used [0x32b50000, 0x335ff9d0, 0x335ffa00, 0x33750000)
    ro space 10240K,  42% used [0x36b50000, 0x36f8e580, 0x36f8e600, 0x37550000)
    rw space 12288K,  54% used [0x37550000, 0x37bcf128, 0x37bcf200, 0x38150000)
}
Event: 37.505 GC heap before
{Heap before GC invocations=56 (full 2):
 def new generation   total 7488K, used 7163K [0x22b50000, 0x23370000, 0x280a0000)
  eden space 6656K, 100% used [0x22b50000, 0x231d0000, 0x231d0000)
  from space 832K,  61% used [0x231d0000, 0x2324ef38, 0x232a0000)
  to   space 832K,   0% used [0x232a0000, 0x232a0000, 0x23370000)
 tenured generation   total 16540K, used 10970K [0x280a0000, 0x290c7000, 0x32b50000)
   the space 16540K,  66% used [0x280a0000, 0x28b56a68, 0x28b56c00, 0x290c7000)
 compacting perm gen  total 12288K, used 10974K [0x32b50000, 0x33750000, 0x36b50000)
   the space 12288K,  89% used [0x32b50000, 0x33607968, 0x33607a00, 0x33750000)
    ro space 10240K,  42% used [0x36b50000, 0x36f8e580, 0x36f8e600, 0x37550000)
    rw space 12288K,  54% used [0x37550000, 0x37bcf128, 0x37bcf200, 0x38150000)
Event: 37.508 GC heap after
Heap after GC invocations=57 (full 2):
 def new generation   total 7488K, used 167K [0x22b50000, 0x23370000, 0x280a0000)
  eden space 6656K,   0% used [0x22b50000, 0x22b50000, 0x231d0000)
  from space 832K,  20% used [0x232a0000, 0x232c9c58, 0x23370000)
  to   space 832K,   0% used [0x231d0000, 0x231d0000, 0x232a0000)
 tenured generation   total 16540K, used 11306K [0x280a0000, 0x290c7000, 0x32b50000)
   the space 16540K,  68% used [0x280a0000, 0x28baa830, 0x28baaa00, 0x290c7000)
 compacting perm gen  total 12288K, used 10974K [0x32b50000, 0x33750000, 0x36b50000)
   the space 12288K,  89% used [0x32b50000, 0x33607968, 0x33607a00, 0x33750000)
    ro space 10240K,  42% used [0x36b50000, 0x36f8e580, 0x36f8e600, 0x37550000)
    rw space 12288K,  54% used [0x37550000, 0x37bcf128, 0x37bcf200, 0x38150000)
}
Event: 38.012 GC heap before
{Heap before GC invocations=57 (full 2):
 def new generation   total 7488K, used 6823K [0x22b50000, 0x23370000, 0x280a0000)
  eden space 6656K, 100% used [0x22b50000, 0x231d0000, 0x231d0000)
  from space 832K,  20% used [0x232a0000, 0x232c9c58, 0x23370000)
  to   space 832K,   0% used [0x231d0000, 0x231d0000, 0x232a0000)
 tenured generation   total 16540K, used 11306K [0x280a0000, 0x290c7000, 0x32b50000)
   the space 16540K,  68% used [0x280a0000, 0x28baa830, 0x28baaa00, 0x290c7000)
 compacting perm gen  total 12288K, used 10998K [0x32b50000, 0x33750000, 0x36b50000)
   the space 12288K,  89% used [0x32b50000, 0x3360d9d0, 0x3360da00, 0x33750000)
    ro space 10240K,  42% used [0x36b50000, 0x36f8e580, 0x36f8e600, 0x37550000)
    rw space 12288K,  54% used [0x37550000, 0x37bcf128, 0x37bcf200, 0x38150000)
Event: 38.015 GC heap after
Heap after GC invocations=58 (full 2):
 def new generation   total 7488K, used 351K [0x22b50000, 0x23370000, 0x280a0000)
  eden space 6656K,   0% used [0x22b50000, 0x22b50000, 0x231d0000)
  from space 832K,  42% used [0x231d0000, 0x23227f50, 0x232a0000)
  to   space 832K,   0% used [0x232a0000, 0x232a0000, 0x23370000)
 tenured generation   total 16540K, used 11306K [0x280a0000, 0x290c7000, 0x32b50000)
   the space 16540K,  68% used [0x280a0000, 0x28baa830, 0x28baaa00, 0x290c7000)
 compacting perm gen  total 12288K, used 10998K [0x32b50000, 0x33750000, 0x36b50000)
   the space 12288K,  89% used [0x32b50000, 0x3360d9d0, 0x3360da00, 0x33750000)
    ro space 10240K,  42% used [0x36b50000, 0x36f8e580, 0x36f8e600, 0x37550000)
    rw space 12288K,  54% used [0x37550000, 0x37bcf128, 0x37bcf200, 0x38150000)
}

