# JRE version: 7.0_05-b05
# Java VM: Java HotSpot(TM) Client VM (23.1-b03 mixed mode windows-x86 )
Heap
 def new generation   total 6208K, used 5908K [0x02b50000, 0x03200000, 0x080a0000)
  eden space 5568K,  94% used [0x02b50000, 0x03075358, 0x030c0000)
  from space 640K, 100% used [0x03160000, 0x03200000, 0x03200000)
  to   space 640K,   0% used [0x030c0000, 0x030c0000, 0x03160000)
 tenured generation   total 13616K, used 8327K [0x080a0000, 0x08dec000, 0x12b50000)
   the space 13616K,  61% used [0x080a0000, 0x088c1d00, 0x088c1e00, 0x08dec000)
 compacting perm gen  total 16128K, used 16079K [0x12b50000, 0x13b10000, 0x16b50000)
   the space 16128K,  99% used [0x12b50000, 0x13b03d90, 0x13b03e00, 0x13b10000)
GC Heap History (10 events):
Event: 5.611 GC heap before
{Heap before GC invocations=29 (full 0):
 def new generation   total 4928K, used 4668K [0x02b50000, 0x030a0000, 0x080a0000)
  eden space 4416K, 100% used [0x02b50000, 0x02fa0000, 0x02fa0000)
  from space 512K,  49% used [0x03020000, 0x0305f298, 0x030a0000)
  to   space 512K,   0% used [0x02fa0000, 0x02fa0000, 0x03020000)
 tenured generation   total 10944K, used 10398K [0x080a0000, 0x08b50000, 0x12b50000)
   the space 10944K,  95% used [0x080a0000, 0x08ac7928, 0x08ac7a00, 0x08b50000)
 compacting perm gen  total 14336K, used 14143K [0x12b50000, 0x13950000, 0x16b50000)
   the space 14336K,  98% used [0x12b50000, 0x1391fc68, 0x1391fe00, 0x13950000)
No shared spaces configured.
Event: 5.614 GC heap after
Heap after GC invocations=30 (full 0):
 def new generation   total 4928K, used 445K [0x02b50000, 0x030a0000, 0x080a0000)
  eden space 4416K,   0% used [0x02b50000, 0x02b50000, 0x02fa0000)
  from space 512K,  86% used [0x02fa0000, 0x0300f480, 0x03020000)
  to   space 512K,   0% used [0x03020000, 0x03020000, 0x030a0000)
 tenured generation   total 10944K, used 10398K [0x080a0000, 0x08b50000, 0x12b50000)
   the space 10944K,  95% used [0x080a0000, 0x08ac7928, 0x08ac7a00, 0x08b50000)
 compacting perm gen  total 14336K, used 14143K [0x12b50000, 0x13950000, 0x16b50000)
   the space 14336K,  98% used [0x12b50000, 0x1391fc68, 0x1391fe00, 0x13950000)
No shared spaces configured.
}
Event: 5.660 GC heap before
{Heap before GC invocations=30 (full 0):
 def new generation   total 4928K, used 4861K [0x02b50000, 0x030a0000, 0x080a0000)
  eden space 4416K, 100% used [0x02b50000, 0x02fa0000, 0x02fa0000)
  from space 512K,  86% used [0x02fa0000, 0x0300f480, 0x03020000)
  to   space 512K,   0% used [0x03020000, 0x03020000, 0x030a0000)
 tenured generation   total 10944K, used 10398K [0x080a0000, 0x08b50000, 0x12b50000)
   the space 10944K,  95% used [0x080a0000, 0x08ac7928, 0x08ac7a00, 0x08b50000)
 compacting perm gen  total 14336K, used 14314K [0x12b50000, 0x13950000, 0x16b50000)
   the space 14336K,  99% used [0x12b50000, 0x1394aa50, 0x1394ac00, 0x13950000)
No shared spaces configured.
Event: 5.663 GC heap after
Heap after GC invocations=31 (full 0):
 def new generation   total 4928K, used 332K [0x02b50000, 0x030a0000, 0x080a0000)
  eden space 4416K,   0% used [0x02b50000, 0x02b50000, 0x02fa0000)
  from space 512K,  64% used [0x03020000, 0x03073238, 0x030a0000)
  to   space 512K,   0% used [0x02fa0000, 0x02fa0000, 0x03020000)
 tenured generation   total 10944K, used 10634K [0x080a0000, 0x08b50000, 0x12b50000)
   the space 10944K,  97% used [0x080a0000, 0x08b02a28, 0x08b02c00, 0x08b50000)
 compacting perm gen  total 14336K, used 14314K [0x12b50000, 0x13950000, 0x16b50000)
   the space 14336K,  99% used [0x12b50000, 0x1394aa50, 0x1394ac00, 0x13950000)
No shared spaces configured.
}
Event: 5.719 GC heap before
{Heap before GC invocations=31 (full 0):
 def new generation   total 4928K, used 4748K [0x02b50000, 0x030a0000, 0x080a0000)
  eden space 4416K, 100% used [0x02b50000, 0x02fa0000, 0x02fa0000)
  from space 512K,  64% used [0x03020000, 0x03073238, 0x030a0000)
  to   space 512K,   0% used [0x02fa0000, 0x02fa0000, 0x03020000)
 tenured generation   total 10944K, used 10634K [0x080a0000, 0x08b50000, 0x12b50000)
   the space 10944K,  97% used [0x080a0000, 0x08b02a28, 0x08b02c00, 0x08b50000)
 compacting perm gen  total 14592K, used 14558K [0x12b50000, 0x13990000, 0x16b50000)
   the space 14592K,  99% used [0x12b50000, 0x13987a58, 0x13987c00, 0x13990000)
No shared spaces configured.
Event: 5.722 GC heap after
Heap after GC invocations=32 (full 0):
 def new generation   total 4928K, used 471K [0x02b50000, 0x030a0000, 0x080a0000)
  eden space 4416K,   0% used [0x02b50000, 0x02b50000, 0x02fa0000)
  from space 512K,  92% used [0x02fa0000, 0x03015e88, 0x03020000)
  to   space 512K,   0% used [0x03020000, 0x03020000, 0x030a0000)
 tenured generation   total 10944K, used 10810K [0x080a0000, 0x08b50000, 0x12b50000)
   the space 10944K,  98% used [0x080a0000, 0x08b2ea38, 0x08b2ec00, 0x08b50000)
 compacting perm gen  total 14592K, used 14558K [0x12b50000, 0x13990000, 0x16b50000)
   the space 14592K,  99% used [0x12b50000, 0x13987a58, 0x13987c00, 0x13990000)
No shared spaces configured.
}
Event: 5.743 GC heap before
{Heap before GC invocations=32 (full 0):
 def new generation   total 4928K, used 4887K [0x02b50000, 0x030a0000, 0x080a0000)
  eden space 4416K, 100% used [0x02b50000, 0x02fa0000, 0x02fa0000)
  from space 512K,  92% used [0x02fa0000, 0x03015e88, 0x03020000)
  to   space 512K,   0% used [0x03020000, 0x03020000, 0x030a0000)
 tenured generation   total 10944K, used 10810K [0x080a0000, 0x08b50000, 0x12b50000)
   the space 10944K,  98% used [0x080a0000, 0x08b2ea38, 0x08b2ec00, 0x08b50000)
 compacting perm gen  total 14592K, used 14560K [0x12b50000, 0x13990000, 0x16b50000)
   the space 14592K,  99% used [0x12b50000, 0x13988148, 0x13988200, 0x13990000)
No shared spaces configured.
Event: 5.811 GC heap after
Heap after GC invocations=33 (full 1):
 def new generation   total 6208K, used 0K [0x02b50000, 0x03200000, 0x080a0000)
  eden space 5568K,   0% used [0x02b50000, 0x02b50000, 0x030c0000)
  from space 640K,   0% used [0x030c0000, 0x030c0000, 0x03160000)
  to   space 640K,   0% used [0x03160000, 0x03160000, 0x03200000)
 tenured generation   total 13616K, used 8169K [0x080a0000, 0x08dec000, 0x12b50000)
   the space 13616K,  59% used [0x080a0000, 0x0889a650, 0x0889a800, 0x08dec000)
 compacting perm gen  total 14592K, used 14560K [0x12b50000, 0x13990000, 0x16b50000)
   the space 14592K,  99% used [0x12b50000, 0x13988148, 0x13988200, 0x13990000)
No shared spaces configured.
}
Event: 5.905 GC heap before
{Heap before GC invocations=33 (full 1):
 def new generation   total 6208K, used 5568K [0x02b50000, 0x03200000, 0x080a0000)
  eden space 5568K, 100% used [0x02b50000, 0x030c0000, 0x030c0000)
  from space 640K,   0% used [0x030c0000, 0x030c0000, 0x03160000)
  to   space 640K,   0% used [0x03160000, 0x03160000, 0x03200000)
 tenured generation   total 13616K, used 8169K [0x080a0000, 0x08dec000, 0x12b50000)
   the space 13616K,  59% used [0x080a0000, 0x0889a650, 0x0889a800, 0x08dec000)
 compacting perm gen  total 15104K, used 15094K [0x12b50000, 0x13a10000, 0x16b50000)
   the space 15104K,  99% used [0x12b50000, 0x13a0da28, 0x13a0dc00, 0x13a10000)
No shared spaces configured.
Event: 5.908 GC heap after
Heap after GC invocations=34 (full 1):
 def new generation   total 6208K, used 640K [0x02b50000, 0x03200000, 0x080a0000)
  eden space 5568K,   0% used [0x02b50000, 0x02b50000, 0x030c0000)
  from space 640K, 100% used [0x03160000, 0x03200000, 0x03200000)
  to   space 640K,   0% used [0x030c0000, 0x030c0000, 0x03160000)
 tenured generation   total 13616K, used 8327K [0x080a0000, 0x08dec000, 0x12b50000)
   the space 13616K,  61% used [0x080a0000, 0x088c1d00, 0x088c1e00, 0x08dec000)
 compacting perm gen  total 15104K, used 15094K [0x12b50000, 0x13a10000, 0x16b50000)
   the space 15104K,  99% used [0x12b50000, 0x13a0da28, 0x13a0dc00, 0x13a10000)
No shared spaces configured.
}

